-------------------------------------------------------------------------------
Test set: test.ArvoreBinariaTeste
-------------------------------------------------------------------------------
Tests run: 1, Failures: 1, Errors: 0, Skipped: 0, Time elapsed: 0.053 s <<< FAILURE! -- in test.ArvoreBinariaTeste
test.ArvoreBinariaTeste.Teste03 -- Time elapsed: 0.034 s <<< FAILURE!
org.opentest4j.AssertionFailedError: expected: <<<<>2<<>4<>>>1<<<>5<>>3<<>6<>>>>> but was: <<1<2<><4<><>>><3<5<><>><6<><>>>>>
	at org.junit.jupiter.api.AssertionFailureBuilder.build(AssertionFailureBuilder.java:151)
	at org.junit.jupiter.api.AssertionFailureBuilder.buildAndThrow(AssertionFailureBuilder.java:132)
	at org.junit.jupiter.api.AssertEquals.failNotEqual(AssertEquals.java:197)
	at org.junit.jupiter.api.AssertEquals.assertEquals(AssertEquals.java:182)
	at org.junit.jupiter.api.AssertEquals.assertEquals(AssertEquals.java:177)
	at org.junit.jupiter.api.Assertions.assertEquals(Assertions.java:1145)
	at test.ArvoreBinariaTeste.Teste03(ArvoreBinariaTeste.java:47)
	at java.base/java.lang.reflect.Method.invoke(Method.java:580)
	at java.base/java.util.ArrayList.forEach(ArrayList.java:1596)
	at java.base/java.util.ArrayList.forEach(ArrayList.java:1596)

