<?xml version="1.0" encoding="UTF-8"?>
<testsuite xmlns:xsi="http://www.w3.org/2001/XMLSchema-instance" xsi:noNamespaceSchemaLocation="https://maven.apache.org/surefire/maven-surefire-plugin/xsd/surefire-test-report-3.0.xsd" version="3.0" name="test.ArvoreBinariaTeste" time="0.053" tests="1" errors="0" skipped="0" failures="1">
  <properties>
[...]
</properties>
  <testcase name="Teste03" classname="test.ArvoreBinariaTeste" time="0.034">
    <failure message="expected: &lt;&lt;&lt;&lt;&gt;2&lt;&lt;&gt;4&lt;&gt;&gt;&gt;1&lt;&lt;&lt;&gt;5&lt;&gt;&gt;3&lt;&lt;&gt;6&lt;&gt;&gt;&gt;&gt;&gt; but was: &lt;&lt;1&lt;2&lt;&gt;&lt;4&lt;&gt;&lt;&gt;&gt;&gt;&lt;3&lt;5&lt;&gt;&lt;&gt;&gt;&lt;6&lt;&gt;&lt;&gt;&gt;&gt;&gt;&gt;" type="org.opentest4j.AssertionFailedError"><![CDATA[org.opentest4j.AssertionFailedError: expected: <<<<>2<<>4<>>>1<<<>5<>>3<<>6<>>>>> but was: <<1<2<><4<><>>><3<5<><>><6<><>>>>>
	at org.junit.jupiter.api.AssertionFailureBuilder.build(AssertionFailureBuilder.java:151)
	at org.junit.jupiter.api.AssertionFailureBuilder.buildAndThrow(AssertionFailureBuilder.java:132)
	at org.junit.jupiter.api.AssertEquals.failNotEqual(AssertEquals.java:197)
	at org.junit.jupiter.api.AssertEquals.assertEquals(AssertEquals.java:182)
	at org.junit.jupiter.api.AssertEquals.assertEquals(AssertEquals.java:177)
	at org.junit.jupiter.api.Assertions.assertEquals(Assertions.java:1145)
	at test.ArvoreBinariaTeste.Teste03(ArvoreBinariaTeste.java:47)
	at java.base/java.lang.reflect.Method.invoke(Method.java:580)
	at java.base/java.util.ArrayList.forEach(ArrayList.java:1596)
	at java.base/java.util.ArrayList.forEach(ArrayList.java:1596)
]]></failure>
  </testcase>
</testsuite>